eeschema (22-Jun-2014 BZR 4027)-stable  >> Creation date: Fri 20 Feb 2015 21:40:25 PST
#Cmp ( order = Reference )
| P1         CONN_20X2   
| P2         CONN_6      
| P3         CONN_8      
| Q1         DMN601DMK   
| R1         R           
| R2         R           
| R3         R           
| R4         R           
#End Cmp

#Cmp ( order = Value )
| CONN_20X2    P1        
| CONN_6       P2        
| CONN_8       P3        
| DMN601DMK    Q1        
| R            R1        
| R            R2        
| R            R3        
| R            R4        
#End Cmp

#End List
